# JRE version: Java(TM) SE Runtime Environment (8.0_231-b11) (build 1.8.0_231-b11)
# Java VM: Java HotSpot(TM) 64-Bit Server VM (25.231-b11 mixed mode windows-amd64 compressed oops)
Heap:
 PSYoungGen      total 37888K, used 1196K [0x00000000d6100000, 0x00000000da680000, 0x0000000100000000)
  eden space 32768K, 3% used [0x00000000d6100000,0x00000000d622b248,0x00000000d8100000)
  from space 5120K, 0% used [0x00000000d8100000,0x00000000d8100000,0x00000000d8600000)
  to   space 5120K, 0% used [0x00000000da180000,0x00000000da180000,0x00000000da680000)
 ParOldGen       total 74752K, used 13129K [0x0000000082200000, 0x0000000086b00000, 0x00000000d6100000)
  object space 74752K, 17% used [0x0000000082200000,0x0000000082ed2660,0x0000000086b00000)
 Metaspace       used 19909K, capacity 20370K, committed 21296K, reserved 1067008K
  class space    used 2747K, capacity 2882K, committed 3456K, reserved 1048576K
GC Heap History (8 events):
Event: 2.595 GC heap before
{Heap before GC invocations=1 (full 0):
 PSYoungGen      total 37888K, used 32768K [0x00000000d6100000, 0x00000000d8b00000, 0x0000000100000000)
  eden space 32768K, 100% used [0x00000000d6100000,0x00000000d8100000,0x00000000d8100000)
  from space 5120K, 0% used [0x00000000d8600000,0x00000000d8600000,0x00000000d8b00000)
  to   space 5120K, 0% used [0x00000000d8100000,0x00000000d8100000,0x00000000d8600000)
 ParOldGen       total 86016K, used 0K [0x0000000082200000, 0x0000000087600000, 0x00000000d6100000)
  object space 86016K, 0% used [0x0000000082200000,0x0000000082200000,0x0000000087600000)
 Metaspace       used 14578K, capacity 15506K, committed 15616K, reserved 1062912K
  class space    used 2030K, capacity 2559K, committed 2560K, reserved 1048576K
Event: 2.624 GC heap after
Heap after GC invocations=1 (full 0):
 PSYoungGen      total 37888K, used 5089K [0x00000000d6100000, 0x00000000dab00000, 0x0000000100000000)
  eden space 32768K, 0% used [0x00000000d6100000,0x00000000d6100000,0x00000000d8100000)
  from space 5120K, 99% used [0x00000000d8100000,0x00000000d85f84c8,0x00000000d8600000)
  to   space 5120K, 0% used [0x00000000da600000,0x00000000da600000,0x00000000dab00000)
 ParOldGen       total 86016K, used 614K [0x0000000082200000, 0x0000000087600000, 0x00000000d6100000)
  object space 86016K, 0% used [0x0000000082200000,0x0000000082299990,0x0000000087600000)
 Metaspace       used 14578K, capacity 15506K, committed 15616K, reserved 1062912K
  class space    used 2030K, capacity 2559K, committed 2560K, reserved 1048576K
}
Event: 4.154 GC heap before
{Heap before GC invocations=2 (full 0):
 PSYoungGen      total 37888K, used 37588K [0x00000000d6100000, 0x00000000dab00000, 0x0000000100000000)
  eden space 32768K, 99% used [0x00000000d6100000,0x00000000d80bcec0,0x00000000d8100000)
  from space 5120K, 99% used [0x00000000d8100000,0x00000000d85f84c8,0x00000000d8600000)
  to   space 5120K, 0% used [0x00000000da600000,0x00000000da600000,0x00000000dab00000)
 ParOldGen       total 86016K, used 614K [0x0000000082200000, 0x0000000087600000, 0x00000000d6100000)
  object space 86016K, 0% used [0x0000000082200000,0x0000000082299990,0x0000000087600000)
 Metaspace       used 17990K, capacity 18926K, committed 19200K, reserved 1064960K
  class space    used 2536K, capacity 3050K, committed 3072K, reserved 1048576K
Event: 4.167 GC heap after
Heap after GC invocations=2 (full 0):
 PSYoungGen      total 37888K, used 5088K [0x00000000d6100000, 0x00000000dab00000, 0x0000000100000000)
  eden space 32768K, 0% used [0x00000000d6100000,0x00000000d6100000,0x00000000d8100000)
  from space 5120K, 99% used [0x00000000da600000,0x00000000daaf82d0,0x00000000dab00000)
  to   space 5120K, 0% used [0x00000000d8100000,0x00000000d8100000,0x00000000d8600000)
 ParOldGen       total 86016K, used 6215K [0x0000000082200000, 0x0000000087600000, 0x00000000d6100000)
  object space 86016K, 7% used [0x0000000082200000,0x0000000082811ef0,0x0000000087600000)
 Metaspace       used 17990K, capacity 18926K, committed 19200K, reserved 1064960K
  class space    used 2536K, capacity 3050K, committed 3072K, reserved 1048576K
}
Event: 10.991 GC heap before
{Heap before GC invocations=3 (full 0):
 PSYoungGen      total 37888K, used 19366K [0x00000000d6100000, 0x00000000dab00000, 0x0000000100000000)
  eden space 32768K, 43% used [0x00000000d6100000,0x00000000d6ef1780,0x00000000d8100000)
  from space 5120K, 99% used [0x00000000da600000,0x00000000daaf82d0,0x00000000dab00000)
  to   space 5120K, 0% used [0x00000000d8100000,0x00000000d8100000,0x00000000d8600000)
 ParOldGen       total 86016K, used 6215K [0x0000000082200000, 0x0000000087600000, 0x00000000d6100000)
  object space 86016K, 7% used [0x0000000082200000,0x0000000082811ef0,0x0000000087600000)
 Metaspace       used 20099K, capacity 21032K, committed 21296K, reserved 1067008K
  class space    used 2829K, capacity 3382K, committed 3456K, reserved 1048576K
Event: 11.000 GC heap after
Heap after GC invocations=3 (full 0):
 PSYoungGen      total 37888K, used 5088K [0x00000000d6100000, 0x00000000da680000, 0x0000000100000000)
  eden space 32768K, 0% used [0x00000000d6100000,0x00000000d6100000,0x00000000d8100000)
  from space 5120K, 99% used [0x00000000d8100000,0x00000000d85f82d0,0x00000000d8600000)
  to   space 5120K, 0% used [0x00000000da180000,0x00000000da180000,0x00000000da680000)
 ParOldGen       total 86016K, used 15414K [0x0000000082200000, 0x0000000087600000, 0x00000000d6100000)
  object space 86016K, 17% used [0x0000000082200000,0x000000008310da68,0x0000000087600000)
 Metaspace       used 20099K, capacity 21032K, committed 21296K, reserved 1067008K
  class space    used 2829K, capacity 3382K, committed 3456K, reserved 1048576K
}
Event: 11.000 GC heap before
{Heap before GC invocations=4 (full 1):
 PSYoungGen      total 37888K, used 5088K [0x00000000d6100000, 0x00000000da680000, 0x0000000100000000)
  eden space 32768K, 0% used [0x00000000d6100000,0x00000000d6100000,0x00000000d8100000)
  from space 5120K, 99% used [0x00000000d8100000,0x00000000d85f82d0,0x00000000d8600000)
  to   space 5120K, 0% used [0x00000000da180000,0x00000000da180000,0x00000000da680000)
 ParOldGen       total 86016K, used 15414K [0x0000000082200000, 0x0000000087600000, 0x00000000d6100000)
  object space 86016K, 17% used [0x0000000082200000,0x000000008310da68,0x0000000087600000)
 Metaspace       used 20099K, capacity 21032K, committed 21296K, reserved 1067008K
  class space    used 2829K, capacity 3382K, committed 3456K, reserved 1048576K
Event: 11.080 GC heap after
Heap after GC invocations=4 (full 1):
 PSYoungGen      total 37888K, used 0K [0x00000000d6100000, 0x00000000da680000, 0x0000000100000000)
  eden space 32768K, 0% used [0x00000000d6100000,0x00000000d6100000,0x00000000d8100000)
  from space 5120K, 0% used [0x00000000d8100000,0x00000000d8100000,0x00000000d8600000)
  to   space 5120K, 0% used [0x00000000da180000,0x00000000da180000,0x00000000da680000)
 ParOldGen       total 74752K, used 13129K [0x0000000082200000, 0x0000000086b00000, 0x00000000d6100000)
  object space 74752K, 17% used [0x0000000082200000,0x0000000082ed2660,0x0000000086b00000)
 Metaspace       used 19884K, capacity 20286K, committed 21296K, reserved 1067008K
  class space    used 2740K, capacity 2876K, committed 3456K, reserved 1048576K
}

